04:19:00: Creating resource group General
04:19:00: Creating resource group Internal
04:19:00: Creating resource group Autodetect
04:19:00: SceneManagerFactory for type 'DefaultSceneManager' registered.
04:19:00: Registering ResourceManager for type Material
04:19:00: Registering ResourceManager for type Mesh
04:19:00: Registering ResourceManager for type Skeleton
04:19:00: MovableObjectFactory for type 'ParticleSystem' registered.
04:19:00: OverlayElementFactory for type Panel registered.
04:19:00: OverlayElementFactory for type BorderPanel registered.
04:19:00: OverlayElementFactory for type TextArea registered.
04:19:00: Registering ResourceManager for type Font
04:19:00: ArchiveFactory for archive type FileSystem registered.
04:19:00: ArchiveFactory for archive type Zip registered.
04:19:00: DDS codec registering
04:19:00: FreeImage version: 3.15.1
04:19:00: This program uses FreeImage, a free, open source image library supporting all common bitmap formats. See http://freeimage.sourceforge.net for details
04:19:00: Supported formats: bmp,ico,jpg,jif,jpeg,jpe,jng,koa,iff,lbm,mng,pbm,pbm,pcd,pcx,pgm,pgm,png,ppm,ppm,ras,tga,targa,tif,tiff,wap,wbmp,wbm,psd,cut,xbm,xpm,gif,hdr,g3,sgi,exr,j2k,j2c,jp2,pfm,pct,pict,pic,3fr,arw,bay,bmq,cap,cine,cr2,crw,cs1,dc2,dcr,drf,dsc,dng,erf,fff,ia,iiq,k25,kc2,kdc,mdc,mef,mos,mrw,nef,nrw,orf,pef,ptx,pxn,qtk,raf,raw,rdc,rw2,rwl,rwz,sr2,srf,sti
04:19:00: Registering ResourceManager for type HighLevelGpuProgram
04:19:00: Registering ResourceManager for type Compositor
04:19:00: MovableObjectFactory for type 'Entity' registered.
04:19:00: MovableObjectFactory for type 'Light' registered.
04:19:00: MovableObjectFactory for type 'BillboardSet' registered.
04:19:00: MovableObjectFactory for type 'ManualObject' registered.
04:19:00: MovableObjectFactory for type 'BillboardChain' registered.
04:19:00: MovableObjectFactory for type 'RibbonTrail' registered.
04:19:00: Loading library /usr/lib/x86_64-linux-gnu/OGRE-1.7.4/RenderSystem_GL
04:19:00: Installing plugin: GL RenderSystem
04:19:00: OpenGL Rendering Subsystem created.
04:19:00: Plugin successfully installed
04:19:00: Loading library /usr/lib/x86_64-linux-gnu/OGRE-1.7.4/Plugin_ParticleFX
04:19:00: Installing plugin: ParticleFX
04:19:00: Particle Emitter Type 'Point' registered
04:19:00: Particle Emitter Type 'Box' registered
04:19:00: Particle Emitter Type 'Ellipsoid' registered
04:19:00: Particle Emitter Type 'Cylinder' registered
04:19:00: Particle Emitter Type 'Ring' registered
04:19:00: Particle Emitter Type 'HollowEllipsoid' registered
04:19:00: Particle Affector Type 'LinearForce' registered
04:19:00: Particle Affector Type 'ColourFader' registered
04:19:00: Particle Affector Type 'ColourFader2' registered
04:19:00: Particle Affector Type 'ColourImage' registered
04:19:00: Particle Affector Type 'ColourInterpolator' registered
04:19:00: Particle Affector Type 'Scaler' registered
04:19:00: Particle Affector Type 'Rotator' registered
04:19:00: Particle Affector Type 'DirectionRandomiser' registered
04:19:00: Particle Affector Type 'DeflectorPlane' registered
04:19:00: Plugin successfully installed
04:19:00: *-*-* OGRE Initialising
04:19:00: *-*-* Version 1.7.4 (Cthugha)
04:19:00: Added resource location '/usr/share/OGRE-1.7.4/media/' of type 'FileSystem' to resource group 'General'
04:19:00: Added resource location '/usr/share/OGRE-1.7.4/media/materials' of type 'FileSystem' to resource group 'General'
04:19:00: Added resource location '/usr/share/OGRE-1.7.4/media/materials/scripts' of type 'FileSystem' to resource group 'General'
04:19:00: Added resource location '/usr/share/OGRE-1.7.4/media/textures' of type 'FileSystem' to resource group 'General'
04:19:00: Added resource location '/usr/share/OGRE-1.7.4/media/models' of type 'FileSystem' to resource group 'General'
04:19:00: Added resource location '/usr/share/OGRE-1.7.4/media/materials/programs/' of type 'FileSystem' to resource group 'General'
04:19:00: Added resource location '/usr/share/OGRE-1.7.4/media/packs/SdkTrays/' of type 'FileSystem' to resource group 'General'
04:19:00: Added resource location './ressources/materials/' of type 'FileSystem' to resource group 'General'
04:19:00: Added resource location './ressources/textures/' of type 'FileSystem' to resource group 'General'
04:19:00: Added resource location './ressources/particles/' of type 'FileSystem' to resource group 'General'
04:19:00: Added resource location './ressources/meshes/' of type 'FileSystem' to resource group 'General'
04:19:07: CPU Identifier & Features
04:19:07: -------------------------
04:19:07:  *   CPU ID: GenuineIntel: Intel(R) Core(TM) i3 CPU       M 330  @ 2.13GHz
04:19:07:  *      SSE: yes
04:19:07:  *     SSE2: yes
04:19:07:  *     SSE3: yes
04:19:07:  *      MMX: yes
04:19:07:  *   MMXEXT: yes
04:19:07:  *    3DNOW: no
04:19:07:  * 3DNOWEXT: no
04:19:07:  *     CMOV: yes
04:19:07:  *      TSC: yes
04:19:07:  *      FPU: yes
04:19:07:  *      PRO: yes
04:19:07:  *       HT: no
04:19:07: -------------------------
04:19:07: ******************************
*** Starting GLX Subsystem ***
******************************
04:19:07: GLRenderSystem::_createRenderWindow "Yapps V0.01*E^-5 Alpha", 800x480 windowed  miscParams: FSAA=4 displayFrequency=60 MHz gamma=No vsync=No 
04:19:07: OGRE EXCEPTION(6:FileNotFoundException): Cannot locate resource GLX_icon.png in resource group General or any other group. in ResourceGroupManager::openResource at /build/buildd/ogre-1.7.4/OgreMain/src/OgreResourceGroupManager.cpp (line 753)
04:19:07: GLXWindow::create used FBConfigID = 153
04:19:07: GL_VERSION = 2.1 Mesa 9.0.3
04:19:07: GL_VENDOR = X.Org
04:19:07: GL_RENDERER = Gallium 0.4 on AMD REDWOOD
04:19:07: GL_EXTENSIONS = GL_ARB_multisample GL_EXT_abgr GL_EXT_bgra GL_EXT_blend_color GL_EXT_blend_minmax GL_EXT_blend_subtract GL_EXT_copy_texture GL_EXT_polygon_offset GL_EXT_subtexture GL_EXT_texture_object GL_EXT_vertex_array GL_EXT_compiled_vertex_array GL_EXT_texture GL_EXT_texture3D GL_IBM_rasterpos_clip GL_ARB_point_parameters GL_EXT_draw_range_elements GL_EXT_packed_pixels GL_EXT_point_parameters GL_EXT_rescale_normal GL_EXT_separate_specular_color GL_EXT_texture_edge_clamp GL_SGIS_generate_mipmap GL_SGIS_texture_border_clamp GL_SGIS_texture_edge_clamp GL_SGIS_texture_lod GL_ARB_framebuffer_sRGB GL_ARB_multitexture GL_EXT_framebuffer_sRGB GL_IBM_multimode_draw_arrays GL_IBM_texture_mirrored_repeat GL_ARB_texture_cube_map GL_ARB_texture_env_add GL_ARB_transpose_matrix GL_EXT_blend_func_separate GL_EXT_fog_coord GL_EXT_multi_draw_arrays GL_EXT_secondary_color GL_EXT_texture_env_add GL_EXT_texture_filter_anisotropic GL_EXT_texture_lod_bias GL_INGR_blend_func_separate GL_NV_blend_square GL_NV_light_max_exponent GL_NV_texgen_reflection GL_NV_texture_env_combine4 GL_S3_s3tc GL_SUN_multi_draw_arrays GL_ARB_texture_border_clamp GL_ARB_texture_compression GL_EXT_framebuffer_object GL_EXT_texture_compression_s3tc GL_EXT_texture_env_combine GL_EXT_texture_env_dot3 GL_MESA_window_pos GL_NV_packed_depth_stencil GL_NV_texture_rectangle GL_ARB_depth_texture GL_ARB_occlusion_query GL_ARB_shadow GL_ARB_texture_env_combine GL_ARB_texture_env_crossbar GL_ARB_texture_env_dot3 GL_ARB_texture_mirrored_repeat GL_ARB_window_pos GL_EXT_stencil_two_side GL_EXT_texture_cube_map GL_NV_depth_clamp GL_NV_fog_distance GL_APPLE_packed_pixels GL_APPLE_vertex_array_object GL_ARB_draw_buffers GL_ARB_fragment_program GL_ARB_fragment_shader GL_ARB_shader_objects GL_ARB_vertex_program GL_ARB_vertex_shader GL_ATI_draw_buffers GL_ATI_texture_env_combine3 GL_ATI_texture_float GL_EXT_shadow_funcs GL_EXT_stencil_wrap GL_MESA_pack_invert GL_NV_primitive_restart GL_ARB_depth_clamp GL_ARB_fragment_program_shadow GL_ARB_half_float_pixel GL_ARB_occlusion_query2 GL_ARB_point_sprite GL_ARB_shading_language_100 GL_ARB_sync GL_ARB_texture_non_power_of_two GL_ARB_vertex_buffer_object GL_ATI_blend_equation_separate GL_EXT_blend_equation_separate GL_OES_read_format GL_ARB_color_buffer_float GL_ARB_pixel_buffer_object GL_ARB_texture_compression_rgtc GL_ARB_texture_float GL_ARB_texture_rectangle GL_ATI_texture_compression_3dc GL_EXT_packed_float GL_EXT_pixel_buffer_object GL_EXT_texture_compression_dxt1 GL_EXT_texture_compression_rgtc GL_EXT_texture_mirror_clamp GL_EXT_texture_rectangle GL_EXT_texture_sRGB GL_EXT_texture_shared_exponent GL_ARB_framebuffer_object GL_EXT_framebuffer_blit GL_EXT_packed_depth_stencil GL_ARB_vertex_array_object GL_ATI_separate_stencil GL_ATI_texture_mirror_once GL_EXT_draw_buffers2 GL_EXT_draw_instanced GL_EXT_gpu_program_parameters GL_EXT_texture_array GL_EXT_texture_compression_latc GL_EXT_texture_integer GL_EXT_texture_sRGB_decode GL_EXT_timer_query GL_OES_EGL_image GL_MESA_texture_array GL_ARB_copy_buffer GL_ARB_depth_buffer_float GL_ARB_draw_instanced GL_ARB_half_float_vertex GL_ARB_instanced_arrays GL_ARB_map_buffer_range GL_ARB_texture_rg GL_ARB_texture_swizzle GL_ARB_vertex_array_bgra GL_EXT_separate_shader_objects GL_EXT_texture_swizzle GL_EXT_vertex_array_bgra GL_NV_conditional_render GL_AMD_conservative_depth GL_AMD_draw_buffers_blend GL_AMD_seamless_cubemap_per_texture GL_AMD_shader_stencil_export GL_ARB_ES2_compatibility GL_ARB_blend_func_extended GL_ARB_debug_output GL_ARB_draw_buffers_blend GL_ARB_draw_elements_base_vertex GL_ARB_explicit_attrib_location GL_ARB_fragment_coord_conventions GL_ARB_provoking_vertex GL_ARB_sampler_objects GL_ARB_seamless_cube_map GL_ARB_shader_stencil_export GL_ARB_shader_texture_lod GL_ARB_texture_rgb10_a2ui GL_ARB_vertex_type_2_10_10_10_rev GL_EXT_provoking_vertex GL_EXT_texture_snorm GL_MESA_texture_signed_rgba GL_NV_texture_barrier GL_ARB_robustness GL_ARB_shader_bit_encoding GL_ARB_transform_feedback2 GL_ARB_transform_feedback3 GL_ARB_base_instance GL_ARB_conservative_depth GL_ARB_texture_storage GL_ARB_transform_feedback_instanced GL_EXT_transform_feedback GL_ARB_invalidate_subdata 
04:19:07: Supported GLX extensions: GLX_ARB_create_context GLX_ARB_create_context_profile GLX_ARB_get_proc_address GLX_ARB_multisample GLX_EXT_import_context GLX_EXT_visual_info GLX_EXT_visual_rating GLX_EXT_create_context_es2_profile GLX_MESA_copy_sub_buffer GLX_MESA_multithread_makecurrent GLX_MESA_swap_control GLX_OML_swap_method GLX_OML_sync_control GLX_SGI_make_current_read GLX_SGI_swap_control GLX_SGI_video_sync GLX_SGIS_multisample GLX_SGIX_fbconfig GLX_SGIX_pbuffer GLX_SGIX_visual_select_group GLX_EXT_texture_from_pixmap GLX_INTEL_swap_event 
04:19:07: ***************************
04:19:07: *** GL Renderer Started ***
04:19:07: ***************************
04:19:07: Registering ResourceManager for type GpuProgram
04:19:07: GLSL support detected
04:19:07: GL: Using GL_EXT_framebuffer_object for rendering to textures (best)
04:19:07: FBO PF_UNKNOWN depth/stencil support: D0S1 D0S4 D0S8 D0S16 D16S0 D24S0 D32S0 Packed-D24S8 
04:19:07: FBO PF_L8 depth/stencil support: D0S0 D0S1 D0S4 D0S8 D0S16 D16S0 D24S0 D32S0 Packed-D24S8 
04:19:07: FBO PF_L16 depth/stencil support: D0S0 D0S1 D0S4 D0S8 D0S16 D16S0 D24S0 D32S0 Packed-D24S8 
04:19:07: FBO PF_A8 depth/stencil support: D0S0 D0S1 D0S4 D0S8 D0S16 D16S0 D24S0 D32S0 Packed-D24S8 
04:19:07: FBO PF_BYTE_LA depth/stencil support: D0S0 D0S1 D0S4 D0S8 D0S16 D16S0 D24S0 D32S0 Packed-D24S8 
04:19:07: FBO PF_R5G6B5 depth/stencil support: D0S0 D0S1 D0S4 D0S8 D0S16 D16S0 D24S0 D32S0 Packed-D24S8 
04:19:07: FBO PF_B5G6R5 depth/stencil support: D0S0 D0S1 D0S4 D0S8 D0S16 D16S0 D24S0 D32S0 Packed-D24S8 
04:19:07: FBO PF_A4R4G4B4 depth/stencil support: D0S0 D0S1 D0S4 D0S8 D0S16 D16S0 D24S0 D32S0 Packed-D24S8 
04:19:07: FBO PF_A1R5G5B5 depth/stencil support: D0S0 D0S1 D0S4 D0S8 D0S16 D16S0 D24S0 D32S0 Packed-D24S8 
04:19:07: FBO PF_R8G8B8 depth/stencil support: D0S0 D0S1 D0S4 D0S8 D0S16 D16S0 D24S0 D32S0 Packed-D24S8 
04:19:07: FBO PF_B8G8R8 depth/stencil support: D0S0 D0S1 D0S4 D0S8 D0S16 D16S0 D24S0 D32S0 Packed-D24S8 
04:19:07: FBO PF_A8R8G8B8 depth/stencil support: D0S0 D0S1 D0S4 D0S8 D0S16 D16S0 D24S0 D32S0 Packed-D24S8 
04:19:07: FBO PF_B8G8R8A8 depth/stencil support: D0S0 D0S1 D0S4 D0S8 D0S16 D16S0 D24S0 D32S0 Packed-D24S8 
04:19:07: FBO PF_A2R10G10B10 depth/stencil support: D0S0 D0S1 D0S4 D0S8 D0S16 D16S0 D24S0 D32S0 Packed-D24S8 
04:19:07: FBO PF_A2B10G10R10 depth/stencil support: D0S0 D0S1 D0S4 D0S8 D0S16 D16S0 D24S0 D32S0 Packed-D24S8 
04:19:07: FBO PF_FLOAT16_RGB depth/stencil support: D0S0 D0S1 D0S4 D0S8 D0S16 D16S0 D24S0 D32S0 Packed-D24S8 
04:19:07: FBO PF_FLOAT16_RGBA depth/stencil support: D0S0 D0S1 D0S4 D0S8 D0S16 D16S0 D24S0 D32S0 Packed-D24S8 
04:19:07: FBO PF_FLOAT32_RGB depth/stencil support: D0S0 D0S1 D0S4 D0S8 D0S16 D16S0 D24S0 D32S0 Packed-D24S8 
04:19:07: FBO PF_FLOAT32_RGBA depth/stencil support: D0S0 D0S1 D0S4 D0S8 D0S16 D16S0 D24S0 D32S0 Packed-D24S8 
04:19:07: FBO PF_X8R8G8B8 depth/stencil support: D0S0 D0S1 D0S4 D0S8 D0S16 D16S0 D24S0 D32S0 Packed-D24S8 
04:19:07: FBO PF_X8B8G8R8 depth/stencil support: D0S0 D0S1 D0S4 D0S8 D0S16 D16S0 D24S0 D32S0 Packed-D24S8 
04:19:07: FBO PF_SHORT_RGBA depth/stencil support: D0S0 D0S1 D0S4 D0S8 D0S16 D16S0 D24S0 D32S0 Packed-D24S8 
04:19:07: FBO PF_R3G3B2 depth/stencil support: D0S0 D0S1 D0S4 D0S8 D0S16 D16S0 D24S0 D32S0 Packed-D24S8 
04:19:07: FBO PF_FLOAT16_R depth/stencil support: D0S0 D0S1 D0S4 D0S8 D0S16 D16S0 D24S0 D32S0 Packed-D24S8 
04:19:07: FBO PF_FLOAT32_R depth/stencil support: D0S0 D0S1 D0S4 D0S8 D0S16 D16S0 D24S0 D32S0 Packed-D24S8 
04:19:07: FBO PF_SHORT_GR depth/stencil support: D0S0 D0S1 D0S4 D0S8 D0S16 D16S0 D24S0 D32S0 Packed-D24S8 
04:19:07: FBO PF_FLOAT16_GR depth/stencil support: D0S0 D0S1 D0S4 D0S8 D0S16 D16S0 D24S0 D32S0 Packed-D24S8 
04:19:07: FBO PF_FLOAT32_GR depth/stencil support: D0S0 D0S1 D0S4 D0S8 D0S16 D16S0 D24S0 D32S0 Packed-D24S8 
04:19:07: FBO PF_SHORT_RGB depth/stencil support: D0S0 D0S1 D0S4 D0S8 D0S16 D16S0 D24S0 D32S0 Packed-D24S8 
04:19:07: [GL] : Valid FBO targets PF_UNKNOWN PF_L8 PF_L16 PF_A8 PF_BYTE_LA PF_R5G6B5 PF_B5G6R5 PF_A4R4G4B4 PF_A1R5G5B5 PF_R8G8B8 PF_B8G8R8 PF_A8R8G8B8 PF_B8G8R8A8 PF_A2R10G10B10 PF_A2B10G10R10 PF_FLOAT16_RGB PF_FLOAT16_RGBA PF_FLOAT32_RGB PF_FLOAT32_RGBA PF_X8R8G8B8 PF_X8B8G8R8 PF_SHORT_RGBA PF_R3G3B2 PF_FLOAT16_R PF_FLOAT32_R PF_SHORT_GR PF_FLOAT16_GR PF_FLOAT32_GR PF_SHORT_RGB 
04:19:07: RenderSystem capabilities
04:19:07: -------------------------
04:19:07: RenderSystem Name: OpenGL Rendering Subsystem
04:19:07: GPU Vendor: unknown
04:19:07: Device Name: Gallium 0.4 on AMD REDWOOD
04:19:07: Driver Version: 2.1.0.0
04:19:07:  * Fixed function pipeline: yes
04:19:07:  * Hardware generation of mipmaps: yes
04:19:07:  * Texture blending: yes
04:19:07:  * Anisotropic texture filtering: yes
04:19:07:  * Dot product texture operation: yes
04:19:07:  * Cube mapping: yes
04:19:07:  * Hardware stencil buffer: yes
04:19:07:    - Stencil depth: 8
04:19:07:    - Two sided stencil support: yes
04:19:07:    - Wrap stencil values: yes
04:19:07:  * Hardware vertex / index buffers: yes
04:19:07:  * Vertex programs: yes
04:19:07:  * Number of floating-point constants for vertex programs: 4096
04:19:07:  * Number of integer constants for vertex programs: 0
04:19:07:  * Number of boolean constants for vertex programs: 0
04:19:07:  * Fragment programs: yes
04:19:07:  * Number of floating-point constants for fragment programs: 4096
04:19:07:  * Number of integer constants for fragment programs: 0
04:19:07:  * Number of boolean constants for fragment programs: 0
04:19:07:  * Geometry programs: no
04:19:07:  * Number of floating-point constants for geometry programs: 0
04:19:07:  * Number of integer constants for geometry programs: 0
04:19:07:  * Number of boolean constants for geometry programs: 0
04:19:07:  * Supported Shader Profiles: arbfp1 arbvp1 glsl
04:19:07:  * Texture Compression: yes
04:19:07:    - DXT: yes
04:19:07:    - VTC: no
04:19:07:    - PVRTC: no
04:19:07:  * Scissor Rectangle: yes
04:19:07:  * Hardware Occlusion Query: yes
04:19:07:  * User clip planes: yes
04:19:07:  * VET_UBYTE4 vertex element type: yes
04:19:07:  * Infinite far plane projection: yes
04:19:07:  * Hardware render-to-texture: yes
04:19:07:  * Floating point textures: yes
04:19:07:  * Non-power-of-two textures: yes
04:19:07:  * Volume textures: yes
04:19:07:  * Multiple Render Targets: 8
04:19:07:    - With different bit depths: yes
04:19:07:  * Point Sprites: yes
04:19:07:  * Extended point parameters: yes
04:19:07:  * Max Point Size: 16384
04:19:07:  * Vertex texture fetch: yes
04:19:07:  * Number of world matrices: 0
04:19:07:  * Number of texture units: 16
04:19:07:  * Stencil buffer depth: 8
04:19:07:  * Number of vertex blend matrices: 0
04:19:07:    - Max vertex textures: 16
04:19:07:    - Vertex textures shared: yes
04:19:07:  * Render to Vertex Buffer : no
04:19:07:  * GL 1.5 without VBO workaround: no
04:19:07:  * Frame Buffer objects: yes
04:19:07:  * Frame Buffer objects (ARB extension): no
04:19:07:  * Frame Buffer objects (ATI extension): no
04:19:07:  * PBuffer support: yes
04:19:07:  * GL 1.5 without HW-occlusion workaround: no
04:19:07: Registering ResourceManager for type Texture
04:19:07: DefaultWorkQueue('Root') initialising on thread 0x170bd40.
04:19:07: DefaultWorkQueue('Root')::WorkerFunc - thread 0x18b9eb0 starting.
04:19:07: DefaultWorkQueue('Root')::WorkerFunc - thread 0x176f550 starting.
04:19:07: DefaultWorkQueue('Root')::WorkerFunc - thread 0x18a7ea0 starting.
04:19:07: Particle Renderer Type 'billboard' registered
04:19:07: DefaultWorkQueue('Root')::WorkerFunc - thread 0x18a7b70 starting.
04:19:07: Parsing scripts for resource group Autodetect
04:19:07: Finished parsing scripts for resource group Autodetect
04:19:07: Parsing scripts for resource group General
04:19:07: Parsing script StdQuad_vp.program
04:19:07: Parsing script Examples.program
04:19:07: GLSL compiled : Ogre/BasicVertexPrograms/AmbientOneTextureGLSL
04:19:07: GLSL compiled : Ogre/HardwareSkinningTwoWeightsGLSL
04:19:07: OGRE EXCEPTION(2:InvalidParametersException): Parameter called ambient does not exist.  in GpuProgramParameters::_findNamedConstantDefinition at /build/buildd/ogre-1.7.4/OgreMain/src/OgreGpuProgramParams.cpp (line 1435)
04:19:07: Compiler error: invalid parameters in Examples.program(130): setting of constant failed
04:19:07: Parsing script pssm.material
04:19:07: Parsing script Laplace.material
04:19:07: Parsing script VarianceShadowmap.material
04:19:07: Parsing script Penguin.material
04:19:07: Parsing script DOF.material
04:19:07: Parsing script NightVision.material
04:19:07: Parsing script GLSLSwizzle.material
04:19:07: GLSL compiled : Ogre/GPTest/Passthrough_VP_GLSL
04:19:07: Parsing script ASMSwizzle.material
04:19:07: Compiler error: object unsupported by render system in ASMSwizzle.material(1)
04:19:07: Parsing script RadialBlur.material
04:19:07: Parsing script hdr.material
04:19:07: GLSL compiled : Ogre/Compositor/HDR/downscale2x2LuminenceGLSL_fp
04:19:07: GLSL compiled : Ogre/Compositor/StdQuad_GLSL_vp
04:19:07: GLSL compiled : Ogre/Compositor/HDR/downscale3x3GLSL_fp
04:19:07: GLSL compiled : Ogre/Compositor/HDR/utils_fp
04:19:07: GLSL compiled : Ogre/Compositor/HDR/downscale3x3brightpassGLSL_fp
04:19:07: GLSL compiled : Ogre/Compositor/HDR/bloomGLSL_fp
04:19:07: GLSL compiled : Ogre/Compositor/HDR/utils_fp
04:19:07: GLSL compiled : Ogre/Compositor/HDR/finaltonemappingGLSL_fp
04:19:07: Parsing script Bloom2.material
04:19:07: GLSL compiled : Bloom2_ps20_glsl
04:19:07: Parsing script OffsetMapping.material
04:19:07: Compiler error: object unsupported by render system in OffsetMapping.material(18)
04:19:07: GLSL compiled : Examples/OffsetMappingIntegratedShadowsFPglsl
04:19:07: GLSL compiled : Examples/OffsetMappingIntegratedShadowsVPglsl
04:19:07: Parsing script instancing.material
04:19:07: GLSL compiled : InstancingGLSL
04:19:07: GLSL compiled : InstancingShadowCasterGLSL
04:19:08: GLSL compiled : CrowdGLSL
04:19:08: GLSL compiled : CrowdShadowCasterGLSL
04:19:08: Parsing script CGSwizzle.material
04:19:08: Parsing script MRTtest.material
04:19:08: GLSL compiled : Ogre/MRTtest/scenefp/GLSL
04:19:08: GLSL compiled : Ogre/MRTtest/quadfp/GLSL
04:19:08: Parsing script CompositorDemo.material
04:19:08: Parsing script smoke.material
04:19:08: Parsing script Examples-Advanced.material
04:19:08: Compiler error: object unsupported by render system in Examples-Advanced.material(383)
04:19:08: Parsing script Examples-DynTex.material
04:19:08: Parsing script Ogre.material
04:19:08: Parsing script ShaderSystem.material
04:19:08: Parsing script RZR-002.material
04:19:08: Parsing script Glass.material
04:19:08: Parsing script Bloom.material
04:19:08: GLSL compiled : Blur_ps_glsl
04:19:08: GLSL compiled : Blur0_vs_glsl
04:19:08: GLSL compiled : Blur1_vs_glsl
04:19:08: Parsing script Embossed.material
04:19:08: Parsing script Examples.material
04:19:08: GLSL compiled : Ogre/HardwareSkinningTwoWeightsShadowCasterGLSL
04:19:08: Parsing script ParticleGS.material
04:19:08: Parsing script ASCII.material
04:19:08: Parsing script MotionBlur.material
04:19:08: Parsing script Dither.material
04:19:08: Parsing script Example-Water.material
04:19:08: Parsing script HeatVision.material
04:19:08: Parsing script facial.material
04:19:08: Parsing script DepthShadowmap.material
04:19:08: GLSL compiled : Ogre/DepthShadowmap/CasterVP_GLSL
04:19:08: GLSL compiled : Ogre/DepthShadowmap/CasterFP_GLSL
04:19:08: GLSL compiled : Ogre/DepthShadowmap/ReceiverVP_GLSL
04:19:08: GLSL compiled : Ogre/DepthShadowmap/ReceiverFP_GLSL
04:19:08: GLSL compiled : Ogre/DepthShadowmap/ReceiverFPPCF_GLSL
04:19:08: GLSL compiled : Ogre/DepthShadowmap/NormalMapReceiverVP_GLSL
04:19:08: GLSL compiled : Ogre/DepthShadowmap/NormalMapReceiverFP_GLSL
04:19:08: GLSL compiled : Ogre/DepthShadowmap/NormalMapReceiverFPPCF_GLSL
04:19:08: Parsing script Posterize.material
04:19:08: Parsing script Halftone.material
04:19:08: Parsing script Tiling.material
04:19:08: Parsing script shadows.material
04:19:08: Parsing script Examples-Water.material
04:19:08: Parsing script SharpenEdges.material
04:19:08: Parsing script BlackAndWhite.material
04:19:08: Parsing script Ocean.material
04:19:08: GLSL compiled : GLSL/OceanVS
04:19:08: GLSL compiled : GLSL/OceanFS
04:19:08: GLSL compiled : GLSL/Ocean2VS
04:19:08: GLSL compiled : GLSL/Ocean2FS
04:19:08: Parsing script Invert.material
04:19:08: Parsing script OldTV.material
04:19:08: Parsing script Hurt.material
04:19:08: Parsing script sibenik.material
04:19:08: Parsing script OldMovie.material
04:19:08: Parsing script IsoSurf.material
04:19:08: Parsing script SdkTrays.material
04:19:08: Parsing script mysky.material
04:19:08: Parsing script Material.material
04:19:08: Parsing script sun.particle
04:19:08: Parsing script Examples.compositor
04:19:08: Parsing script SdkTrays.fontdef
04:19:08: Parsing script SdkTrays.overlay
04:19:08: Bad element attribute line: '# you can offset the image to change the cursor "hotspot"' for element SdkTrays/Cursor in overlay 
04:19:08: Texture: sdk_cursor.png: Loading 1 faces(PF_A8R8G8B8,32x32x1) with 5 hardware generated mipmaps from Image. Internal format is PF_A8R8G8B8,32x32x1.
04:19:08: Texture: sdk_tray.png: Loading 1 faces(PF_A8R8G8B8,64x64x1) with 5 hardware generated mipmaps from Image. Internal format is PF_A8R8G8B8,64x64x1.
04:19:08: Texture: sdk_button_up.png: Loading 1 faces(PF_A8R8G8B8,128x32x1) with 5 hardware generated mipmaps from Image. Internal format is PF_A8R8G8B8,128x32x1.
04:19:08: Texture: sdk_text_box.png: Loading 1 faces(PF_A8R8G8B8,32x32x1) with 5 hardware generated mipmaps from Image. Internal format is PF_A8R8G8B8,32x32x1.
04:19:08: Texture: sdk_mini_tray.png: Loading 1 faces(PF_A8R8G8B8,32x32x1) with 5 hardware generated mipmaps from Image. Internal format is PF_A8R8G8B8,32x32x1.
04:19:08: Texture: sdk_track.png: Loading 1 faces(PF_A8R8G8B8,16x32x1) with 5 hardware generated mipmaps from Image. Internal format is PF_A8R8G8B8,16x32x1.
04:19:08: Texture: sdk_handle.png: Loading 1 faces(PF_A8R8G8B8,16x16x1) with 4 hardware generated mipmaps from Image. Internal format is PF_A8R8G8B8,16x16x1.
04:19:08: Texture: sdk_mini_text_box.png: Loading 1 faces(PF_A8R8G8B8,32x32x1) with 5 hardware generated mipmaps from Image. Internal format is PF_A8R8G8B8,32x32x1.
04:19:08: Texture: sdk_label.png: Loading 1 faces(PF_A8R8G8B8,32x32x1) with 5 hardware generated mipmaps from Image. Internal format is PF_A8R8G8B8,32x32x1.
04:19:08: Texture: sdk_separator.png: Loading 1 faces(PF_A8R8G8B8,64x16x1) with 5 hardware generated mipmaps from Image. Internal format is PF_A8R8G8B8,64x16x1.
04:19:08: Texture: sdk_logo.png: Loading 1 faces(PF_A8R8G8B8,128x64x1) with 5 hardware generated mipmaps from Image. Internal format is PF_A8R8G8B8,128x64x1.
04:19:08: Texture: sdk_shade.png: Loading 1 faces(PF_A8R8G8B8,64x48x1) with 5 hardware generated mipmaps from Image. Internal format is PF_A8R8G8B8,64x48x1.
04:19:08: Texture: sdk_frame.png: Loading 1 faces(PF_A8R8G8B8,32x32x1) with 5 hardware generated mipmaps from Image. Internal format is PF_A8R8G8B8,32x32x1.
04:19:08: Texture: sdk_mini_text_box_over.png: Loading 1 faces(PF_A8R8G8B8,32x32x1) with 5 hardware generated mipmaps from Image. Internal format is PF_A8R8G8B8,32x32x1.
04:19:08: Texture: sdk_pulse.png: Loading 1 faces(PF_R8G8B8,8x1x1) with 3 hardware generated mipmaps from Image. Internal format is PF_X8R8G8B8,8x1x1.
04:19:08: Finished parsing scripts for resource group General
04:19:08: Parsing scripts for resource group Internal
04:19:08: Finished parsing scripts for resource group Internal
04:19:08: Texture: skytile_fr.png: Loading 1 faces(PF_R8G8B8,1024x1024x1) with 5 hardware generated mipmaps from Image. Internal format is PF_X8R8G8B8,1024x1024x1.
04:19:08: Texture: skytile_bk.png: Loading 1 faces(PF_R8G8B8,1024x1024x1) with 5 hardware generated mipmaps from Image. Internal format is PF_X8R8G8B8,1024x1024x1.
04:19:08: Texture: skytile_lf.png: Loading 1 faces(PF_R8G8B8,1024x1024x1) with 5 hardware generated mipmaps from Image. Internal format is PF_X8R8G8B8,1024x1024x1.
04:19:08: Texture: skytile_rt.png: Loading 1 faces(PF_R8G8B8,1024x1024x1) with 5 hardware generated mipmaps from Image. Internal format is PF_X8R8G8B8,1024x1024x1.
04:19:08: Texture: skytile_up.png: Loading 1 faces(PF_R8G8B8,1024x1024x1) with 5 hardware generated mipmaps from Image. Internal format is PF_X8R8G8B8,1024x1024x1.
04:19:08: Texture: skytile_dn.png: Loading 1 faces(PF_R8G8B8,1024x1024x1) with 5 hardware generated mipmaps from Image. Internal format is PF_X8R8G8B8,1024x1024x1.
04:19:08: Mesh: Loading yappsShip.mesh.
04:19:08: Can't assign material Material.028 to SubEntity of Something because this Material does not exist. Have you forgotten to define it in a .material script?
04:19:09: Mesh: Loading sphere.mesh.
04:19:09: *** Initializing OIS ***
04:19:09: Font SdkTrays/Captionusing texture size 512x256
04:19:09: Info: Freetype returned null for character 160 in font SdkTrays/Caption
04:19:09: Texture: SdkTrays/CaptionTexture: Loading 1 faces(PF_BYTE_LA,512x256x1) with  hardware generated mipmaps from Image. Internal format is PF_BYTE_LA,512x256x1.
04:19:09: Font SdkTrays/Valueusing texture size 512x256
04:19:09: Info: Freetype returned null for character 127 in font SdkTrays/Value
04:19:09: Info: Freetype returned null for character 128 in font SdkTrays/Value
04:19:09: Info: Freetype returned null for character 129 in font SdkTrays/Value
04:19:09: Info: Freetype returned null for character 130 in font SdkTrays/Value
04:19:09: Info: Freetype returned null for character 131 in font SdkTrays/Value
04:19:09: Info: Freetype returned null for character 132 in font SdkTrays/Value
04:19:09: Info: Freetype returned null for character 133 in font SdkTrays/Value
04:19:09: Info: Freetype returned null for character 134 in font SdkTrays/Value
04:19:09: Info: Freetype returned null for character 135 in font SdkTrays/Value
04:19:09: Info: Freetype returned null for character 136 in font SdkTrays/Value
04:19:09: Info: Freetype returned null for character 137 in font SdkTrays/Value
04:19:09: Info: Freetype returned null for character 138 in font SdkTrays/Value
04:19:09: Info: Freetype returned null for character 139 in font SdkTrays/Value
04:19:09: Info: Freetype returned null for character 140 in font SdkTrays/Value
04:19:09: Info: Freetype returned null for character 141 in font SdkTrays/Value
04:19:09: Info: Freetype returned null for character 142 in font SdkTrays/Value
04:19:09: Info: Freetype returned null for character 143 in font SdkTrays/Value
04:19:09: Info: Freetype returned null for character 144 in font SdkTrays/Value
04:19:09: Info: Freetype returned null for character 145 in font SdkTrays/Value
04:19:09: Info: Freetype returned null for character 146 in font SdkTrays/Value
04:19:09: Info: Freetype returned null for character 147 in font SdkTrays/Value
04:19:09: Info: Freetype returned null for character 148 in font SdkTrays/Value
04:19:09: Info: Freetype returned null for character 149 in font SdkTrays/Value
04:19:09: Info: Freetype returned null for character 150 in font SdkTrays/Value
04:19:09: Info: Freetype returned null for character 151 in font SdkTrays/Value
04:19:09: Info: Freetype returned null for character 152 in font SdkTrays/Value
04:19:09: Info: Freetype returned null for character 153 in font SdkTrays/Value
04:19:09: Info: Freetype returned null for character 154 in font SdkTrays/Value
04:19:09: Info: Freetype returned null for character 155 in font SdkTrays/Value
04:19:09: Info: Freetype returned null for character 156 in font SdkTrays/Value
04:19:09: Info: Freetype returned null for character 157 in font SdkTrays/Value
04:19:09: Info: Freetype returned null for character 158 in font SdkTrays/Value
04:19:09: Info: Freetype returned null for character 159 in font SdkTrays/Value
04:19:09: Info: Freetype returned null for character 160 in font SdkTrays/Value
04:19:09: Texture: SdkTrays/ValueTexture: Loading 1 faces(PF_BYTE_LA,512x256x1) with  hardware generated mipmaps from Image. Internal format is PF_BYTE_LA,512x256x1.
04:19:09: Texture: flare.png: Loading 1 faces(PF_R8G8B8,256x256x1) with 5 hardware generated mipmaps from Image. Internal format is PF_X8R8G8B8,256x256x1.
04:19:24: DefaultWorkQueue('Root') shutting down on thread 0x170bd40.
04:19:24: DefaultWorkQueue('Root')::WorkerFunc - thread 0x18b9eb0 stopped.
04:19:24: DefaultWorkQueue('Root')::WorkerFunc - thread 0x176f550 stopped.
04:19:24: DefaultWorkQueue('Root')::WorkerFunc - thread 0x18a7ea0 stopped.
04:19:24: DefaultWorkQueue('Root')::WorkerFunc - thread 0x18a7b70 stopped.
04:19:24: *-*-* OGRE Shutdown
04:19:24: Unregistering ResourceManager for type Compositor
04:19:24: Unregistering ResourceManager for type Font
04:19:24: Unregistering ResourceManager for type Skeleton
04:19:24: Unregistering ResourceManager for type Mesh
04:19:24: Unregistering ResourceManager for type HighLevelGpuProgram
04:19:24: Uninstalling plugin: ParticleFX
04:19:24: Plugin successfully uninstalled
04:19:24: Unloading library /usr/lib/x86_64-linux-gnu/OGRE-1.7.4/Plugin_ParticleFX
04:19:24: Uninstalling plugin: GL RenderSystem
04:19:24: Unregistering ResourceManager for type GpuProgram
04:19:24: ******************************
*** Stopping GLX Subsystem ***
******************************
04:19:24: Unregistering ResourceManager for type Texture
04:19:24: Plugin successfully uninstalled
04:19:24: Unloading library /usr/lib/x86_64-linux-gnu/OGRE-1.7.4/RenderSystem_GL
04:19:24: Unregistering ResourceManager for type Material
