18:53:25: Creating resource group General
18:53:25: Creating resource group Internal
18:53:25: Creating resource group Autodetect
18:53:25: Registering ResourceManager for type Mesh
18:53:25: Registering ResourceManager for type Material
18:53:25: Registering ResourceManager for type Skeleton
18:53:26: XMLMeshSerializer reading mesh data from Cube.mesh.xml...
18:53:27: Reading geometry...
18:53:27: Geometry done...
18:53:27: Reading submeshes...
18:53:28: Submeshes done.
18:53:28: Reading mesh names...
18:53:28: Mesh names done.
18:53:28: XMLMeshSerializer import successful.
18:53:28: Reorganising vertex buffers to automatic layout..
18:53:28: MeshSerializer writing mesh data to Cube.mesh...
18:53:28: File header written.
18:53:28: Writing mesh data...
18:53:28: Writing submesh...
18:53:28: Exporting submesh texture aliases...
18:53:28: Submesh texture aliases exported.
18:53:28: Submesh exported.
18:53:28: Writing submesh...
18:53:28: Exporting submesh texture aliases...
18:53:28: Submesh texture aliases exported.
18:53:28: Submesh exported.
18:53:28: Exporting bounds information....
18:53:28: Bounds information exported.
18:53:28: Exporting submesh name table...
18:53:28: Submesh name table exported.
18:53:28: Exporting edge lists...
18:53:28: Edge lists exported
18:53:28: Mesh data exported.
18:53:28: MeshSerializer export successful.
18:53:28: Unregistering ResourceManager for type Skeleton
18:53:28: Unregistering ResourceManager for type Material
18:53:28: Unregistering ResourceManager for type Mesh
