--expo--
0.118796
1.4064
0.355961
0.332087
2.52666
1.01167
2.86309
0.502747
0.139733
0.429839
--gamma--
6.32388
18.02
7.26089
5.48725
8.5304
7.78621
11.1901
17.1421
3.04028
11.481
--random--
442
1328
1147
1149
1196
1754
593
1722
1503
862
--normal--
-1.81882
0.286464
0.0979456
0.13226
1.81818
-3.60219
1.57996
-0.212608
-0.188295
1.33742
--poisson--
9
9
10
12
11
3
8
11
9
17
0
1
2
3
initializing generator with a seed
colonized systems: 251
--expo--
0.490351
0.522217
1.47544
0.286016
1.31398
1.91667
1.4652
0.287238
0.0754652
0.887519
--gamma--
7.54123
7.61806
6.0284
8.05986
7.66127
9.81264
15.9068
11.1297
6.55037
8.95892
--random--
1780
1864
386
555
23
1817
1312
1961
229
1931
--normal--
0.212848
-1.77156
-0.659117
0.579254
0.327018
2.08808
-2.30112
0.417135
2.23339
0.904831
--poisson--
8
9
5
10
12
6
8
8
9
9
0
1
2
3
4
5
